[0m14:08:34.419767 [debug] [MainThread]: Sending event: {'category': 'dbt', 'action': 'invocation', 'label': 'start', 'context': [<snowplow_tracker.self_describing_json.SelfDescribingJson object at 0x00000213FD96A5D0>, <snowplow_tracker.self_describing_json.SelfDescribingJson object at 0x00000213FEA1ADD0>, <snowplow_tracker.self_describing_json.SelfDescribingJson object at 0x00000213FEA1B250>]}


============================== 14:08:34.426714 | 4edfd357-0414-4f1f-9943-213c419e63bd ==============================
[0m14:08:34.426714 [info ] [MainThread]: Running with dbt=1.11.8
[0m14:08:34.435833 [debug] [MainThread]: running dbt with arguments {'version_check': 'True', 'no_print': 'None', 'static_parser': 'True', 'target_path': 'None', 'warn_error_options': 'WarnErrorOptionsV2(error=[], warn=[], silence=[])', 'printer_width': '80', 'write_json': 'True', 'empty': 'False', 'log_cache_events': 'False', 'introspect': 'True', 'cache_selected_only': 'False', 'fail_fast': 'False', 'debug': 'False', 'log_format': 'default', 'partial_parse': 'True', 'send_anonymous_usage_stats': 'True', 'quiet': 'False', 'warn_error': 'None', 'profiles_dir': 'C:\\Users\\Darvin\\.dbt', 'use_colors': 'True', 'invocation_command': 'dbt run', 'indirect_selection': 'eager', 'use_experimental_parser': 'False', 'log_path': 'logs'}
[0m14:08:34.435833 [error] [MainThread]: Encountered an error:
Runtime Error
  No dbt_project.yml found at expected path C:\Users\Darvin\Documents\Job application 2026\Technical interview rounds\Promptly\health-data-pipeline\dbt_project.yml
  Verify that each entry within packages.yml (and their transitive dependencies) contains a file named dbt_project.yml
  
[0m14:08:34.440815 [debug] [MainThread]: Command `dbt run` failed at 14:08:34.440815 after 0.15 seconds
[0m14:08:34.440815 [debug] [MainThread]: Sending event: {'category': 'dbt', 'action': 'invocation', 'label': 'end', 'context': [<snowplow_tracker.self_describing_json.SelfDescribingJson object at 0x00000213FD968710>, <snowplow_tracker.self_describing_json.SelfDescribingJson object at 0x00000213FD96AF10>, <snowplow_tracker.self_describing_json.SelfDescribingJson object at 0x00000213FD96BE50>]}
[0m14:08:34.440815 [debug] [MainThread]: Flushing usage events
[0m14:08:34.862958 [debug] [MainThread]: An error was encountered while trying to flush usage events
[0m00:03:32.041274 [debug] [MainThread]: Sending event: {'category': 'dbt', 'action': 'invocation', 'label': 'start', 'context': [<snowplow_tracker.self_describing_json.SelfDescribingJson object at 0x000001F7A8ECCF90>, <snowplow_tracker.self_describing_json.SelfDescribingJson object at 0x000001F7A8ECD690>, <snowplow_tracker.self_describing_json.SelfDescribingJson object at 0x000001F7A9F17690>]}


============================== 00:03:32.045089 | 146748bb-66d7-4cfd-ba06-f71a53065bc2 ==============================
[0m00:03:32.045089 [info ] [MainThread]: Running with dbt=1.11.8
[0m00:03:32.046078 [debug] [MainThread]: running dbt with arguments {'version_check': 'True', 'no_print': 'None', 'static_parser': 'True', 'target_path': 'None', 'warn_error_options': 'WarnErrorOptionsV2(error=[], warn=[], silence=[])', 'printer_width': '80', 'write_json': 'True', 'introspect': 'True', 'log_cache_events': 'False', 'empty': 'None', 'cache_selected_only': 'False', 'log_format': 'default', 'debug': 'False', 'fail_fast': 'False', 'partial_parse': 'True', 'send_anonymous_usage_stats': 'True', 'quiet': 'False', 'warn_error': 'None', 'profiles_dir': 'C:\\Users\\Darvin\\.dbt', 'indirect_selection': 'eager', 'use_colors': 'True', 'invocation_command': 'dbt deps', 'use_experimental_parser': 'False', 'log_path': 'logs'}
[0m00:03:32.046827 [error] [MainThread]: Encountered an error:
Runtime Error
  No dbt_project.yml found at expected path C:\Users\Darvin\Documents\Job application 2026\Technical interview rounds\Promptly\health-data-pipeline\dbt_project.yml
  Verify that each entry within packages.yml (and their transitive dependencies) contains a file named dbt_project.yml
  
[0m00:03:32.048252 [debug] [MainThread]: Command `dbt deps` failed at 00:03:32.048252 after 0.09 seconds
[0m00:03:32.048570 [debug] [MainThread]: Sending event: {'category': 'dbt', 'action': 'invocation', 'label': 'end', 'context': [<snowplow_tracker.self_describing_json.SelfDescribingJson object at 0x000001F7A8ECC190>, <snowplow_tracker.self_describing_json.SelfDescribingJson object at 0x000001F7A55EFFD0>, <snowplow_tracker.self_describing_json.SelfDescribingJson object at 0x000001F7A22B8650>]}
[0m00:03:32.049596 [debug] [MainThread]: Flushing usage events
[0m00:03:32.534889 [debug] [MainThread]: An error was encountered while trying to flush usage events
[0m00:04:30.267746 [debug] [MainThread]: Sending event: {'category': 'dbt', 'action': 'invocation', 'label': 'start', 'context': [<snowplow_tracker.self_describing_json.SelfDescribingJson object at 0x000001FCD383D6D0>, <snowplow_tracker.self_describing_json.SelfDescribingJson object at 0x000001FCD4885C10>, <snowplow_tracker.self_describing_json.SelfDescribingJson object at 0x000001FCD4886310>]}


============================== 00:04:30.270689 | 5b283c3b-53b1-40aa-8249-195cfb919e2d ==============================
[0m00:04:30.270689 [info ] [MainThread]: Running with dbt=1.11.8
[0m00:04:30.272998 [debug] [MainThread]: running dbt with arguments {'version_check': 'True', 'no_print': 'None', 'static_parser': 'True', 'target_path': 'None', 'warn_error_options': 'WarnErrorOptionsV2(error=[], warn=[], silence=[])', 'printer_width': '80', 'write_json': 'True', 'empty': 'None', 'log_cache_events': 'False', 'introspect': 'True', 'cache_selected_only': 'False', 'fail_fast': 'False', 'debug': 'False', 'log_format': 'default', 'partial_parse': 'True', 'send_anonymous_usage_stats': 'True', 'quiet': 'False', 'warn_error': 'None', 'profiles_dir': 'C:\\Users\\Darvin\\.dbt', 'use_colors': 'True', 'indirect_selection': 'eager', 'invocation_command': 'dbt deps', 'use_experimental_parser': 'False', 'log_path': 'logs'}
[0m00:04:30.272998 [error] [MainThread]: Encountered an error:
Runtime Error
  No dbt_project.yml found at expected path C:\Users\Darvin\Documents\Job application 2026\Technical interview rounds\Promptly\health-data-pipeline\dbt_project.yml
  Verify that each entry within packages.yml (and their transitive dependencies) contains a file named dbt_project.yml
  
[0m00:04:30.273997 [debug] [MainThread]: Command `dbt deps` failed at 00:04:30.273997 after 0.09 seconds
[0m00:04:30.275713 [debug] [MainThread]: Sending event: {'category': 'dbt', 'action': 'invocation', 'label': 'end', 'context': [<snowplow_tracker.self_describing_json.SelfDescribingJson object at 0x000001FCD4892A50>, <snowplow_tracker.self_describing_json.SelfDescribingJson object at 0x000001FCD4892DD0>, <snowplow_tracker.self_describing_json.SelfDescribingJson object at 0x000001FCD3837E90>]}
[0m00:04:30.275713 [debug] [MainThread]: Flushing usage events
[0m00:04:30.678958 [debug] [MainThread]: An error was encountered while trying to flush usage events
